<?xml version="1.0" encoding="UTF-8"?>
<testsuite name="pl.stqa.pft.addressbook.tests.ContactCreationTest" tests="2" skipped="0" failures="0" errors="0" timestamp="2018-01-18T23:27:26" hostname="PC6400936" time="25.94">
  <properties/>
  <testcase name="testContactCreation[0](pl.stqa.pft.addressbook.model.ContactData@73d7f818)" classname="pl.stqa.pft.addressbook.tests.ContactCreationTest" time="13.78"/>
  <testcase name="testContactCreation[1](pl.stqa.pft.addressbook.model.ContactData@73d7f838)" classname="pl.stqa.pft.addressbook.tests.ContactCreationTest" time="12.16"/>
  <system-out><![CDATA[]]></system-out>
  <system-err><![CDATA[]]></system-err>
</testsuite>
