<?xml version="1.0" encoding="UTF-8"?>
<testsuite name="pl.stqa.pft.addressbook.tests.ContactPhoneTest" tests="1" skipped="0" failures="0" errors="0" timestamp="2018-01-18T14:06:06" hostname="PC6400936" time="4.399">
  <properties/>
  <testcase name="testContactPhones" classname="pl.stqa.pft.addressbook.tests.ContactPhoneTest" time="4.399"/>
  <system-out><![CDATA[]]></system-out>
  <system-err><![CDATA[]]></system-err>
</testsuite>
