<?xml version="1.0" encoding="UTF-8"?>
<testsuite name="pl.stqa.pft.addressbook.tests.ContactEmailsTest" tests="1" skipped="0" failures="0" errors="0" timestamp="2018-01-18T14:06:01" hostname="PC6400936" time="4.513">
  <properties/>
  <testcase name="testContactEmails" classname="pl.stqa.pft.addressbook.tests.ContactEmailsTest" time="4.513"/>
  <system-out><![CDATA[]]></system-out>
  <system-err><![CDATA[]]></system-err>
</testsuite>
