<?xml version="1.0" encoding="UTF-8"?>
<testsuite name="pl.stqa.pft.addressbook.tests.ContactCreationTest" tests="4" skipped="0" failures="0" errors="0" timestamp="2018-01-18T14:05:26" hostname="PC6400936" time="30.521">
  <properties/>
  <testcase name="testContactCreation[0](pl.stqa.pft.addressbook.model.ContactData@73d7f818)" classname="pl.stqa.pft.addressbook.tests.ContactCreationTest" time="7.851"/>
  <testcase name="testContactCreation[1](pl.stqa.pft.addressbook.model.ContactData@73d7f838)" classname="pl.stqa.pft.addressbook.tests.ContactCreationTest" time="6.526"/>
  <testcase name="testContactCreation[2](pl.stqa.pft.addressbook.model.ContactData@73d7f858)" classname="pl.stqa.pft.addressbook.tests.ContactCreationTest" time="7.888"/>
  <testcase name="testContactCreation[3](pl.stqa.pft.addressbook.model.ContactData@73d7f878)" classname="pl.stqa.pft.addressbook.tests.ContactCreationTest" time="8.256"/>
  <system-out><![CDATA[]]></system-out>
  <system-err><![CDATA[]]></system-err>
</testsuite>
