<?xml version="1.0" encoding="UTF-8"?>
<testsuite name="pl.stqa.pft.addressbook.tests.ContactAddressTest" tests="1" skipped="0" failures="0" errors="0" timestamp="2018-01-18T14:05:22" hostname="PC6400936" time="4.653">
  <properties/>
  <testcase name="testContactAdress" classname="pl.stqa.pft.addressbook.tests.ContactAddressTest" time="4.653"/>
  <system-out><![CDATA[]]></system-out>
  <system-err><![CDATA[]]></system-err>
</testsuite>
